<?xml version="1.0" encoding="UTF-8"?>
<robot generator="Robot 4.0.1 (Python 3.9.5 on win32)" generated="20210704 11:07:40.900" rpa="false" schemaversion="2">
<suite id="s1" name="ForLoop" source="C:\Users\CHOWDP05\PycharmProjects\Basic\Tests\ScrewfixUK\ForLoop.robot">
<test id="s1-t1" name="FOR LOOP Condition Validation">
<kw name="Launch Google and Accept Terms &amp; Conditions">
<kw name="Open Browser" library="SeleniumLibrary">
<arg>${url1}</arg>
<arg>${browser1}</arg>
<doc>Opens a new browser instance to the optional ``url``.</doc>
<msg timestamp="20210704 11:07:41.131" level="INFO">Opening browser 'gc' to base url 'https://www.google.com'.</msg>
<status status="PASS" starttime="20210704 11:07:41.131" endtime="20210704 11:07:43.268"/>
</kw>
<kw name="Click Element" library="SeleniumLibrary">
<arg>${Agree Google T&amp;C Button}</arg>
<doc>Click the element identified by ``locator``.</doc>
<msg timestamp="20210704 11:07:43.269" level="INFO">Clicking element '//*[@id="L2AGLb"]/div'.</msg>
<status status="PASS" starttime="20210704 11:07:43.268" endtime="20210704 11:07:43.325"/>
</kw>
<status status="PASS" starttime="20210704 11:07:41.130" endtime="20210704 11:07:43.325"/>
</kw>
<kw name="Enter Search work into Google">
<kw name="Click Element" library="SeleniumLibrary">
<arg>//input[@title='Search']</arg>
<doc>Click the element identified by ``locator``.</doc>
<msg timestamp="20210704 11:07:43.326" level="INFO">Clicking element '//input[@title='Search']'.</msg>
<status status="PASS" starttime="20210704 11:07:43.326" endtime="20210704 11:07:43.390"/>
</kw>
<kw name="Input Text" library="SeleniumLibrary">
<arg>//input[@title='Search']</arg>
<arg>Clock</arg>
<doc>Types the given ``text`` into the text field identified by ``locator``.</doc>
<msg timestamp="20210704 11:07:43.391" level="INFO">Typing text 'Clock' into text field '//input[@title='Search']'.</msg>
<status status="PASS" starttime="20210704 11:07:43.390" endtime="20210704 11:07:43.625"/>
</kw>
<kw name="Wait Until Page Contains Element" library="SeleniumLibrary">
<arg>//div[@class='lJ9FBc']//input[@name='btnK']</arg>
<doc>Waits until the element ``locator`` appears on the current page.</doc>
<status status="PASS" starttime="20210704 11:07:43.625" endtime="20210704 11:07:43.643"/>
</kw>
<kw name="Click Element" library="SeleniumLibrary">
<arg>//div[@class='lJ9FBc']//input[@name='btnK']</arg>
<doc>Click the element identified by ``locator``.</doc>
<msg timestamp="20210704 11:07:43.644" level="INFO">Clicking element '//div[@class='lJ9FBc']//input[@name='btnK']'.</msg>
<status status="PASS" starttime="20210704 11:07:43.644" endtime="20210704 11:07:46.061"/>
</kw>
<status status="PASS" starttime="20210704 11:07:43.325" endtime="20210704 11:07:46.061"/>
</kw>
<kw name="For Loop to Find elements">
<kw name="Get WebElements" library="SeleniumLibrary">
<var>${elements on page}</var>
<arg>//*[@id="rso"]/div</arg>
<doc>Returns a list of WebElement objects matching the ``locator``.</doc>
<msg timestamp="20210704 11:07:46.076" level="INFO">${elements on page} = [&lt;selenium.webdriver.remote.webelement.WebElement (session="a07fab6b053d0571c14f7e922097638f", element="c8479c19-1363-434c-a268-0f7c4be21d90")&gt;, &lt;selenium.webdriver.remote.webelement.WebElement (sessi...</msg>
<status status="PASS" starttime="20210704 11:07:46.062" endtime="20210704 11:07:46.076"/>
</kw>
<for flavor="IN">
<var>${elements}</var>
<value>${elements on page}</value>
<iter>
<var name="${elements}">[&lt;selenium.webdriver.remote.webelement.WebElement (session="a07fab6b053d0571c14f7e922097638f", element="c8479c19-1363-434c-a268-0f7c4be21d90")&gt;, &lt;selenium.webdriver.remote.webelement.WebElement (sessi...</var>
<kw name="Get Text" library="SeleniumLibrary">
<var>${text}</var>
<arg>${elements}</arg>
<doc>Returns the text value of the element identified by ``locator``.</doc>
<msg timestamp="20210704 11:07:46.101" level="INFO">${text} = Clock Limited - Website Design and Custom Software ...
https://www.clock.co.uk
Award-winning, Nodejs and React development agency, designing and building custom digital products from websites and apps...</msg>
<status status="PASS" starttime="20210704 11:07:46.077" endtime="20210704 11:07:46.101"/>
</kw>
<status status="PASS" starttime="20210704 11:07:46.076" endtime="20210704 11:07:46.101"/>
</iter>
<status status="PASS" starttime="20210704 11:07:46.076" endtime="20210704 11:07:46.101"/>
</for>
<status status="PASS" starttime="20210704 11:07:46.062" endtime="20210704 11:07:46.101"/>
</kw>
<status status="PASS" starttime="20210704 11:07:41.130" endtime="20210704 11:07:46.102"/>
</test>
<test id="s1-t2" name="FOR LOOP Condition Validation2">
<kw name="For Loop to Find Elements2">
<kw name="Open Browser" library="SeleniumLibrary">
<arg>${url2}</arg>
<arg>${browser2}</arg>
<doc>Opens a new browser instance to the optional ``url``.</doc>
<msg timestamp="20210704 11:07:46.105" level="INFO">Opening browser 'gc' to base url 'https://datatables.net/examples/index'.</msg>
<status status="PASS" starttime="20210704 11:07:46.104" endtime="20210704 11:07:48.173"/>
</kw>
<kw name="Get WebElements" library="SeleniumLibrary">
<var>${elements on page}</var>
<arg>//div[@class='content']//div[1]//ul[1]</arg>
<doc>Returns a list of WebElement objects matching the ``locator``.</doc>
<msg timestamp="20210704 11:07:48.192" level="INFO">${elements on page} = [&lt;selenium.webdriver.remote.webelement.WebElement (session="2642eadb849f8e35dae81af65de94377", element="5f38b922-75a0-465c-8165-6e31fcb16f51")&gt;]</msg>
<status status="PASS" starttime="20210704 11:07:48.173" endtime="20210704 11:07:48.192"/>
</kw>
<for flavor="IN">
<var>${elements}</var>
<value>${elements on page}</value>
<iter>
<var name="${elements}">[&lt;selenium.webdriver.remote.webelement.WebElement (session="2642eadb849f8e35dae81af65de94377", element="5f38b922-75a0-465c-8165-6e31fcb16f51")&gt;]</var>
<kw name="Get Text" library="SeleniumLibrary">
<var>${text}</var>
<arg>${elements}</arg>
<doc>Returns the text value of the element identified by ``locator``.</doc>
<msg timestamp="20210704 11:07:48.233" level="INFO">${text} = Zero configuration
Feature enable / disable
Default ordering (sorting)
Multi-column ordering
Multiple tables
Hidden columns
Complex headers (rowspan and colspan)
DOM positioning
Flexible table width
S...</msg>
<status status="PASS" starttime="20210704 11:07:48.193" endtime="20210704 11:07:48.233"/>
</kw>
<status status="PASS" starttime="20210704 11:07:48.192" endtime="20210704 11:07:48.233"/>
</iter>
<status status="PASS" starttime="20210704 11:07:48.192" endtime="20210704 11:07:48.233"/>
</for>
<status status="PASS" starttime="20210704 11:07:46.104" endtime="20210704 11:07:48.234"/>
</kw>
<status status="PASS" starttime="20210704 11:07:46.104" endtime="20210704 11:07:48.234"/>
</test>
<status status="PASS" starttime="20210704 11:07:40.902" endtime="20210704 11:07:48.237"/>
</suite>
<statistics>
<total>
<stat pass="2" fail="0" skip="0">All Tests</stat>
</total>
<tag>
</tag>
<suite>
<stat pass="2" fail="0" skip="0" id="s1" name="ForLoop">ForLoop</stat>
</suite>
</statistics>
<errors>
</errors>
</robot>
